"lift-force-rfile"
"Iteration" "lift-force"
("Iteration" "lift-force")
1 -0.001317057
2 -0.001388449
3 -0.000284076
4 0.0007693347
5 0.001855128
6 0.002716635
7 0.003209477
8 0.003380958
9 0.003354993
10 0.003170909
11 0.002916774
12 0.002639829
13 0.002377594
14 0.002140923
15 0.00194107
16 0.001785479
17 0.001676577
18 0.001619054
19 0.001605612
20 0.001623458
21 0.001656704
22 0.001699059
23 0.00174244
24 0.001784733
25 0.001822239
26 0.001855481
27 0.001876642
28 0.001895264
29 0.001910075
30 0.001922369
31 0.001930602
32 0.001937192
33 0.001940722
34 0.001943532
35 0.001944698
36 0.001945682
37 0.001944496
38 0.001943588
39 0.001941363
40 0.001939985
41 0.001937694
42 0.001936479
43 0.001934346
44 0.00193341
45 0.001931826
46 0.001931287
47 0.001930192
48 0.001930026
